INFO Thread-0 org.springframework.context.support.GenericApplicationContext - Closing org.springframework.context.support.GenericApplicationContext@1815859: startup date [Sat May 29 17:22:58 CST 2010]; root of context hierarchy
INFO Thread-0 org.springframework.beans.factory.support.DefaultListableBeanFactory - Destroying singletons in org.springframework.beans.factory.support.DefaultListableBeanFactory@5a67c9: defining beans [profileController,org.springframework.context.annotation.internalConfigurationAnnotationProcessor,org.springframework.context.annotation.internalAutowiredAnnotationProcessor,org.springframework.context.annotation.internalRequiredAnnotationProcessor,org.springframework.context.annotation.internalCommonAnnotationProcessor,org.springframework.context.annotation.internalPersistenceAnnotationProcessor,defaultAuthority,org.springframework.beans.factory.config.PropertyPlaceholderConfigurer#0,org.springframework.context.config.internalBeanConfigurerAspect,org.springframework.beans.factory.annotation.AutowiredAnnotationBeanPostProcessor#0,org.springframework.context.annotation.CommonAnnotationBeanPostProcessor#0,org.springframework.orm.jpa.support.PersistenceAnnotationBeanPostProcessor#0,org.springframework.dao.annotation.PersistenceExceptionTranslationPostProcessor#0,dataSource,transactionManager,org.springframework.transaction.config.internalTransactionAspect,entityManagerFactory,adminAuthority,salesProfile,adminUser,validatorFactory,org.springframework.web.servlet.mvc.annotation.AnnotationMethodHandlerAdapter#0,validator]; root of factory hierarchy
INFO Thread-0 org.springframework.orm.jpa.LocalContainerEntityManagerFactoryBean - Closing JPA EntityManagerFactory for persistence unit 'persistenceUnit'
INFO Thread-0 org.hibernate.impl.SessionFactoryImpl - closing
INFO Thread-1 org.springframework.orm.jpa.LocalContainerEntityManagerFactoryBean - Closing JPA EntityManagerFactory for persistence unit 'persistenceUnit'
INFO Thread-1 org.hibernate.impl.SessionFactoryImpl - closing
INFO main org.springframework.test.context.TestContextManager - @TestExecutionListeners is not present for class [class ph.com.pinoyspringers.salesasst.ctrl.ProfileControllerTest]: using defaults.
INFO main org.springframework.test.context.TestContextManager - @TestExecutionListeners is not present for class [class ph.com.pinoyspringers.salesasst.domain.SalesProfilePersistenceTest]: using defaults.
INFO main org.springframework.test.context.TestContextManager - @TestExecutionListeners is not present for class [class ph.com.pinoyspringers.salesasst.domain.SalesProfileValidationTest]: using defaults.
INFO main org.springframework.beans.factory.xml.XmlBeanDefinitionReader - Loading XML bean definitions from class path resource [controller-test.xml]
INFO main org.springframework.beans.factory.xml.XmlBeanDefinitionReader - Loading XML bean definitions from class path resource [basicInfrastructure-test.xml]
INFO main org.springframework.context.annotation.ClassPathBeanDefinitionScanner - JSR-330 'javax.inject.Named' annotation found and supported for component scanning
INFO main org.springframework.beans.factory.xml.XmlBeanDefinitionReader - Loading XML bean definitions from class path resource [pinoyspringers/validator.xml]
INFO main org.springframework.context.support.GenericApplicationContext - Refreshing org.springframework.context.support.GenericApplicationContext@1815859: startup date [Sat May 29 17:25:12 CST 2010]; root of context hierarchy
INFO main org.springframework.beans.factory.config.PropertyPlaceholderConfigurer - Loading properties file from class path resource [jdbc.properties]
INFO main org.springframework.beans.factory.annotation.AutowiredAnnotationBeanPostProcessor - JSR-330 'javax.inject.Inject' annotation found and supported for autowiring
INFO main org.springframework.beans.factory.annotation.AutowiredAnnotationBeanPostProcessor - JSR-330 'javax.inject.Inject' annotation found and supported for autowiring
INFO main org.springframework.jdbc.datasource.DriverManagerDataSource - Loaded JDBC driver: org.postgresql.Driver
INFO main org.springframework.context.support.GenericApplicationContext - Bean 'dataSource' is not eligible for getting processed by all BeanPostProcessors (for example: not eligible for auto-proxying)
INFO main org.springframework.orm.jpa.LocalContainerEntityManagerFactoryBean - Building JPA container EntityManagerFactory for persistence unit 'persistenceUnit'
INFO main org.hibernate.cfg.annotations.Version - Hibernate Annotations 3.5.1-Final
INFO main org.hibernate.cfg.Environment - Hibernate 3.5.1-Final
INFO main org.hibernate.cfg.Environment - hibernate.properties not found
INFO main org.hibernate.cfg.Environment - Bytecode provider name : javassist
INFO main org.hibernate.cfg.Environment - using JDK 1.4 java.sql.Timestamp handling
INFO main org.hibernate.annotations.common.Version - Hibernate Commons Annotations 3.2.0.Final
INFO main org.hibernate.ejb.Version - Hibernate EntityManager 3.5.1-Final
INFO main org.hibernate.ejb.Ejb3Configuration - Processing PersistenceUnitInfo [
	name: persistenceUnit
	...]
INFO main org.hibernate.cfg.AnnotationBinder - Binding entity from annotated class: ph.com.pinoyspringers.salesasst.security.User
INFO main org.hibernate.cfg.annotations.EntityBinder - Bind entity ph.com.pinoyspringers.salesasst.security.User on table tbl_user
INFO main org.hibernate.cfg.AnnotationBinder - Binding entity from annotated class: ph.com.pinoyspringers.salesasst.security.Authorities
INFO main org.hibernate.cfg.annotations.EntityBinder - Bind entity ph.com.pinoyspringers.salesasst.security.Authorities on table tbl_authority
INFO main org.hibernate.cfg.AnnotationBinder - Binding entity from annotated class: ph.com.pinoyspringers.salesasst.domain.SalesProfile
INFO main org.hibernate.cfg.annotations.EntityBinder - Bind entity ph.com.pinoyspringers.salesasst.domain.SalesProfile on table tbl_sales_profile
INFO main org.hibernate.cfg.AnnotationConfiguration - Hibernate Validator not found: ignoring
INFO main org.hibernate.validator.util.Version - Hibernate Validator 4.0.2.GA
INFO main org.hibernate.validator.engine.resolver.DefaultTraversableResolver - Instantiated an instance of org.hibernate.validator.engine.resolver.JPATraversableResolver.
INFO main org.hibernate.validator.engine.resolver.DefaultTraversableResolver - Instantiated an instance of org.hibernate.validator.engine.resolver.JPATraversableResolver.
INFO main org.hibernate.cfg.search.HibernateSearchEventListenerRegister - Unable to find org.hibernate.search.event.FullTextIndexEventListener on the classpath. Hibernate Search is not enabled.
INFO main org.hibernate.validator.engine.resolver.DefaultTraversableResolver - Instantiated an instance of org.hibernate.validator.engine.resolver.JPATraversableResolver.
INFO main org.hibernate.connection.ConnectionProviderFactory - Initializing connection provider: org.hibernate.ejb.connection.InjectedDataSourceConnectionProvider
INFO main org.hibernate.ejb.connection.InjectedDataSourceConnectionProvider - Using provided datasource
INFO main org.hibernate.cfg.SettingsFactory - RDBMS: PostgreSQL, version: 8.4.2
INFO main org.hibernate.cfg.SettingsFactory - JDBC driver: PostgreSQL Native Driver, version: PostgreSQL 8.3 JDBC4 with SSL (build 604)
INFO main org.hibernate.dialect.Dialect - Using dialect: org.hibernate.dialect.PostgreSQLDialect
INFO main org.hibernate.engine.jdbc.JdbcSupportLoader - Disabling contextual LOB creation as createClob() method threw error : java.lang.reflect.InvocationTargetException
INFO main org.hibernate.transaction.TransactionFactoryFactory - Transaction strategy: org.hibernate.transaction.JDBCTransactionFactory
INFO main org.hibernate.transaction.TransactionManagerLookupFactory - No TransactionManagerLookup configured (in JTA environment, use of read-write or transactional second-level cache is not recommended)
INFO main org.hibernate.cfg.SettingsFactory - Automatic flush during beforeCompletion(): disabled
INFO main org.hibernate.cfg.SettingsFactory - Automatic session close at end of transaction: disabled
INFO main org.hibernate.cfg.SettingsFactory - JDBC batch size: 15
INFO main org.hibernate.cfg.SettingsFactory - JDBC batch updates for versioned data: disabled
INFO main org.hibernate.cfg.SettingsFactory - Scrollable result sets: enabled
INFO main org.hibernate.cfg.SettingsFactory - JDBC3 getGeneratedKeys(): disabled
INFO main org.hibernate.cfg.SettingsFactory - Connection release mode: auto
INFO main org.hibernate.cfg.SettingsFactory - Default batch fetch size: 1
INFO main org.hibernate.cfg.SettingsFactory - Generate SQL with comments: disabled
INFO main org.hibernate.cfg.SettingsFactory - Order SQL updates by primary key: disabled
INFO main org.hibernate.cfg.SettingsFactory - Order SQL inserts for batching: disabled
INFO main org.hibernate.cfg.SettingsFactory - Query translator: org.hibernate.hql.ast.ASTQueryTranslatorFactory
INFO main org.hibernate.hql.ast.ASTQueryTranslatorFactory - Using ASTQueryTranslatorFactory
INFO main org.hibernate.cfg.SettingsFactory - Query language substitutions: {}
INFO main org.hibernate.cfg.SettingsFactory - JPA-QL strict compliance: enabled
INFO main org.hibernate.cfg.SettingsFactory - Second-level cache: enabled
INFO main org.hibernate.cfg.SettingsFactory - Query cache: disabled
INFO main org.hibernate.cfg.SettingsFactory - Cache region factory : org.hibernate.cache.impl.NoCachingRegionFactory
INFO main org.hibernate.cfg.SettingsFactory - Optimize cache for minimal puts: disabled
INFO main org.hibernate.cfg.SettingsFactory - Structured second-level cache entries: disabled
INFO main org.hibernate.cfg.SettingsFactory - Echoing all SQL to stdout
INFO main org.hibernate.cfg.SettingsFactory - Statistics: disabled
INFO main org.hibernate.cfg.SettingsFactory - Deleted entity synthetic identifier rollback: disabled
INFO main org.hibernate.cfg.SettingsFactory - Default entity-mode: pojo
INFO main org.hibernate.cfg.SettingsFactory - Named query checking : enabled
INFO main org.hibernate.cfg.SettingsFactory - Check Nullability in Core (should be disabled when Bean Validation is on): disabled
INFO main org.hibernate.impl.SessionFactoryImpl - building session factory
INFO main org.hibernate.impl.SessionFactoryObjectFactory - Not binding factory to JNDI, no JNDI name configured
INFO main org.hibernate.validator.engine.resolver.DefaultTraversableResolver - Instantiated an instance of org.hibernate.validator.engine.resolver.JPATraversableResolver.
INFO main org.hibernate.validator.engine.resolver.DefaultTraversableResolver - Instantiated an instance of org.hibernate.validator.engine.resolver.JPATraversableResolver.
INFO main org.hibernate.tool.hbm2ddl.SchemaExport - Running hbm2ddl schema export
INFO main org.hibernate.tool.hbm2ddl.SchemaExport - exporting generated schema to database
INFO main org.hibernate.tool.hbm2ddl.SchemaExport - schema export complete
INFO main org.springframework.context.support.GenericApplicationContext - Bean 'entityManagerFactory' is not eligible for getting processed by all BeanPostProcessors (for example: not eligible for auto-proxying)
INFO main org.springframework.beans.factory.support.DefaultListableBeanFactory - Pre-instantiating singletons in org.springframework.beans.factory.support.DefaultListableBeanFactory@15a6029: defining beans [profileController,org.springframework.context.annotation.internalConfigurationAnnotationProcessor,org.springframework.context.annotation.internalAutowiredAnnotationProcessor,org.springframework.context.annotation.internalRequiredAnnotationProcessor,org.springframework.context.annotation.internalCommonAnnotationProcessor,org.springframework.context.annotation.internalPersistenceAnnotationProcessor,defaultAuthority,org.springframework.beans.factory.config.PropertyPlaceholderConfigurer#0,org.springframework.context.config.internalBeanConfigurerAspect,org.springframework.beans.factory.annotation.AutowiredAnnotationBeanPostProcessor#0,org.springframework.context.annotation.CommonAnnotationBeanPostProcessor#0,org.springframework.orm.jpa.support.PersistenceAnnotationBeanPostProcessor#0,org.springframework.dao.annotation.PersistenceExceptionTranslationPostProcessor#0,dataSource,transactionManager,org.springframework.transaction.config.internalTransactionAspect,entityManagerFactory,adminAuthority,salesProfile,adminUser,validatorFactory,org.springframework.web.servlet.mvc.annotation.AnnotationMethodHandlerAdapter#0,validator]; root of factory hierarchy
INFO main org.hibernate.validator.engine.resolver.DefaultTraversableResolver - Instantiated an instance of org.hibernate.validator.engine.resolver.JPATraversableResolver.
INFO main org.hibernate.validator.engine.resolver.DefaultTraversableResolver - Instantiated an instance of org.hibernate.validator.engine.resolver.JPATraversableResolver.
INFO main org.springframework.test.context.transaction.TransactionalTestExecutionListener - Began transaction (1): transaction manager [org.springframework.orm.jpa.JpaTransactionManager@92af24]; rollback [true]
INFO main org.springframework.test.context.transaction.TransactionalTestExecutionListener - Rolled back transaction after test execution for test context [[TestContext@17aa2a8 testClass = ProfileControllerTest, locations = array<String>['classpath:controller-test.xml'], testInstance = ph.com.pinoyspringers.salesasst.ctrl.ProfileControllerTest@4ce427, testMethod = testCreate@ProfileControllerTest, testException = [null]]]
INFO main org.springframework.test.context.transaction.TransactionalTestExecutionListener - Began transaction (2): transaction manager [org.springframework.orm.jpa.JpaTransactionManager@92af24]; rollback [true]
INFO main org.springframework.test.context.transaction.TransactionalTestExecutionListener - Rolled back transaction after test execution for test context [[TestContext@17aa2a8 testClass = ProfileControllerTest, locations = array<String>['classpath:controller-test.xml'], testInstance = ph.com.pinoyspringers.salesasst.ctrl.ProfileControllerTest@6e96ff, testMethod = testEdit@ProfileControllerTest, testException = [null]]]
INFO main org.springframework.test.context.transaction.TransactionalTestExecutionListener - Began transaction (3): transaction manager [org.springframework.orm.jpa.JpaTransactionManager@92af24]; rollback [true]
INFO main org.springframework.test.context.transaction.TransactionalTestExecutionListener - Rolled back transaction after test execution for test context [[TestContext@17aa2a8 testClass = ProfileControllerTest, locations = array<String>['classpath:controller-test.xml'], testInstance = ph.com.pinoyspringers.salesasst.ctrl.ProfileControllerTest@146df77, testMethod = testDelete@ProfileControllerTest, testException = [null]]]
INFO main org.springframework.test.context.transaction.TransactionalTestExecutionListener - Began transaction (4): transaction manager [org.springframework.orm.jpa.JpaTransactionManager@92af24]; rollback [true]
INFO main org.springframework.test.context.transaction.TransactionalTestExecutionListener - Rolled back transaction after test execution for test context [[TestContext@17aa2a8 testClass = ProfileControllerTest, locations = array<String>['classpath:controller-test.xml'], testInstance = ph.com.pinoyspringers.salesasst.ctrl.ProfileControllerTest@15da7d, testMethod = testUpdate@ProfileControllerTest, testException = [null]]]
INFO main org.springframework.test.context.transaction.TransactionalTestExecutionListener - Began transaction (5): transaction manager [org.springframework.orm.jpa.JpaTransactionManager@92af24]; rollback [true]
INFO main org.springframework.test.context.transaction.TransactionalTestExecutionListener - Rolled back transaction after test execution for test context [[TestContext@17aa2a8 testClass = ProfileControllerTest, locations = array<String>['classpath:controller-test.xml'], testInstance = ph.com.pinoyspringers.salesasst.ctrl.ProfileControllerTest@10ce397, testMethod = testCreateForm@ProfileControllerTest, testException = [null]]]
INFO main org.springframework.test.context.transaction.TransactionalTestExecutionListener - Began transaction (6): transaction manager [org.springframework.orm.jpa.JpaTransactionManager@92af24]; rollback [true]
INFO main org.springframework.test.context.transaction.TransactionalTestExecutionListener - Rolled back transaction after test execution for test context [[TestContext@17aa2a8 testClass = ProfileControllerTest, locations = array<String>['classpath:controller-test.xml'], testInstance = ph.com.pinoyspringers.salesasst.ctrl.ProfileControllerTest@1e58565, testMethod = testShow@ProfileControllerTest, testException = [null]]]
INFO main org.springframework.test.context.transaction.TransactionalTestExecutionListener - Began transaction (7): transaction manager [org.springframework.orm.jpa.JpaTransactionManager@92af24]; rollback [true]
INFO main org.springframework.test.context.transaction.TransactionalTestExecutionListener - Rolled back transaction after test execution for test context [[TestContext@17aa2a8 testClass = ProfileControllerTest, locations = array<String>['classpath:controller-test.xml'], testInstance = ph.com.pinoyspringers.salesasst.ctrl.ProfileControllerTest@12cfd62, testMethod = testList@ProfileControllerTest, testException = [null]]]
INFO main org.springframework.beans.factory.xml.XmlBeanDefinitionReader - Loading XML bean definitions from class path resource [domain-test.xml]
INFO main org.springframework.beans.factory.xml.XmlBeanDefinitionReader - Loading XML bean definitions from class path resource [basicInfrastructure-test.xml]
INFO main org.springframework.context.annotation.ClassPathBeanDefinitionScanner - JSR-330 'javax.inject.Named' annotation found and supported for component scanning
INFO main org.springframework.beans.factory.xml.XmlBeanDefinitionReader - Loading XML bean definitions from class path resource [pinoyspringers/validator.xml]
INFO main org.springframework.context.support.GenericApplicationContext - Refreshing org.springframework.context.support.GenericApplicationContext@1a1b2f: startup date [Sat May 29 17:25:24 CST 2010]; root of context hierarchy
INFO main org.springframework.beans.factory.config.PropertyPlaceholderConfigurer - Loading properties file from class path resource [jdbc.properties]
INFO main org.springframework.beans.factory.annotation.AutowiredAnnotationBeanPostProcessor - JSR-330 'javax.inject.Inject' annotation found and supported for autowiring
INFO main org.springframework.beans.factory.annotation.AutowiredAnnotationBeanPostProcessor - JSR-330 'javax.inject.Inject' annotation found and supported for autowiring
INFO main org.springframework.jdbc.datasource.DriverManagerDataSource - Loaded JDBC driver: org.postgresql.Driver
INFO main org.springframework.context.support.GenericApplicationContext - Bean 'dataSource' is not eligible for getting processed by all BeanPostProcessors (for example: not eligible for auto-proxying)
INFO main org.springframework.orm.jpa.LocalContainerEntityManagerFactoryBean - Building JPA container EntityManagerFactory for persistence unit 'persistenceUnit'
INFO main org.hibernate.ejb.Ejb3Configuration - Processing PersistenceUnitInfo [
	name: persistenceUnit
	...]
INFO main org.hibernate.cfg.AnnotationBinder - Binding entity from annotated class: ph.com.pinoyspringers.salesasst.security.User
INFO main org.hibernate.cfg.annotations.EntityBinder - Bind entity ph.com.pinoyspringers.salesasst.security.User on table tbl_user
INFO main org.hibernate.cfg.AnnotationBinder - Binding entity from annotated class: ph.com.pinoyspringers.salesasst.security.Authorities
INFO main org.hibernate.cfg.annotations.EntityBinder - Bind entity ph.com.pinoyspringers.salesasst.security.Authorities on table tbl_authority
INFO main org.hibernate.cfg.AnnotationBinder - Binding entity from annotated class: ph.com.pinoyspringers.salesasst.domain.SalesProfile
INFO main org.hibernate.cfg.annotations.EntityBinder - Bind entity ph.com.pinoyspringers.salesasst.domain.SalesProfile on table tbl_sales_profile
INFO main org.hibernate.cfg.AnnotationConfiguration - Hibernate Validator not found: ignoring
INFO main org.hibernate.validator.engine.resolver.DefaultTraversableResolver - Instantiated an instance of org.hibernate.validator.engine.resolver.JPATraversableResolver.
INFO main org.hibernate.validator.engine.resolver.DefaultTraversableResolver - Instantiated an instance of org.hibernate.validator.engine.resolver.JPATraversableResolver.
INFO main org.hibernate.cfg.search.HibernateSearchEventListenerRegister - Unable to find org.hibernate.search.event.FullTextIndexEventListener on the classpath. Hibernate Search is not enabled.
INFO main org.hibernate.validator.engine.resolver.DefaultTraversableResolver - Instantiated an instance of org.hibernate.validator.engine.resolver.JPATraversableResolver.
INFO main org.hibernate.connection.ConnectionProviderFactory - Initializing connection provider: org.hibernate.ejb.connection.InjectedDataSourceConnectionProvider
INFO main org.hibernate.ejb.connection.InjectedDataSourceConnectionProvider - Using provided datasource
INFO main org.hibernate.cfg.SettingsFactory - RDBMS: PostgreSQL, version: 8.4.2
INFO main org.hibernate.cfg.SettingsFactory - JDBC driver: PostgreSQL Native Driver, version: PostgreSQL 8.3 JDBC4 with SSL (build 604)
INFO main org.hibernate.dialect.Dialect - Using dialect: org.hibernate.dialect.PostgreSQLDialect
INFO main org.hibernate.engine.jdbc.JdbcSupportLoader - Disabling contextual LOB creation as createClob() method threw error : java.lang.reflect.InvocationTargetException
INFO main org.hibernate.transaction.TransactionFactoryFactory - Transaction strategy: org.hibernate.transaction.JDBCTransactionFactory
INFO main org.hibernate.transaction.TransactionManagerLookupFactory - No TransactionManagerLookup configured (in JTA environment, use of read-write or transactional second-level cache is not recommended)
INFO main org.hibernate.cfg.SettingsFactory - Automatic flush during beforeCompletion(): disabled
INFO main org.hibernate.cfg.SettingsFactory - Automatic session close at end of transaction: disabled
INFO main org.hibernate.cfg.SettingsFactory - JDBC batch size: 15
INFO main org.hibernate.cfg.SettingsFactory - JDBC batch updates for versioned data: disabled
INFO main org.hibernate.cfg.SettingsFactory - Scrollable result sets: enabled
INFO main org.hibernate.cfg.SettingsFactory - JDBC3 getGeneratedKeys(): disabled
INFO main org.hibernate.cfg.SettingsFactory - Connection release mode: auto
INFO main org.hibernate.cfg.SettingsFactory - Default batch fetch size: 1
INFO main org.hibernate.cfg.SettingsFactory - Generate SQL with comments: disabled
INFO main org.hibernate.cfg.SettingsFactory - Order SQL updates by primary key: disabled
INFO main org.hibernate.cfg.SettingsFactory - Order SQL inserts for batching: disabled
INFO main org.hibernate.cfg.SettingsFactory - Query translator: org.hibernate.hql.ast.ASTQueryTranslatorFactory
INFO main org.hibernate.hql.ast.ASTQueryTranslatorFactory - Using ASTQueryTranslatorFactory
INFO main org.hibernate.cfg.SettingsFactory - Query language substitutions: {}
INFO main org.hibernate.cfg.SettingsFactory - JPA-QL strict compliance: enabled
INFO main org.hibernate.cfg.SettingsFactory - Second-level cache: enabled
INFO main org.hibernate.cfg.SettingsFactory - Query cache: disabled
INFO main org.hibernate.cfg.SettingsFactory - Cache region factory : org.hibernate.cache.impl.NoCachingRegionFactory
INFO main org.hibernate.cfg.SettingsFactory - Optimize cache for minimal puts: disabled
INFO main org.hibernate.cfg.SettingsFactory - Structured second-level cache entries: disabled
INFO main org.hibernate.cfg.SettingsFactory - Echoing all SQL to stdout
INFO main org.hibernate.cfg.SettingsFactory - Statistics: disabled
INFO main org.hibernate.cfg.SettingsFactory - Deleted entity synthetic identifier rollback: disabled
INFO main org.hibernate.cfg.SettingsFactory - Default entity-mode: pojo
INFO main org.hibernate.cfg.SettingsFactory - Named query checking : enabled
INFO main org.hibernate.cfg.SettingsFactory - Check Nullability in Core (should be disabled when Bean Validation is on): disabled
INFO main org.hibernate.impl.SessionFactoryImpl - building session factory
INFO main org.hibernate.impl.SessionFactoryObjectFactory - Not binding factory to JNDI, no JNDI name configured
INFO main org.hibernate.validator.engine.resolver.DefaultTraversableResolver - Instantiated an instance of org.hibernate.validator.engine.resolver.JPATraversableResolver.
INFO main org.hibernate.validator.engine.resolver.DefaultTraversableResolver - Instantiated an instance of org.hibernate.validator.engine.resolver.JPATraversableResolver.
INFO main org.hibernate.tool.hbm2ddl.SchemaExport - Running hbm2ddl schema export
INFO main org.hibernate.tool.hbm2ddl.SchemaExport - exporting generated schema to database
INFO main org.hibernate.tool.hbm2ddl.SchemaExport - schema export complete
INFO main org.springframework.context.support.GenericApplicationContext - Bean 'entityManagerFactory' is not eligible for getting processed by all BeanPostProcessors (for example: not eligible for auto-proxying)
INFO main org.springframework.beans.factory.support.DefaultListableBeanFactory - Pre-instantiating singletons in org.springframework.beans.factory.support.DefaultListableBeanFactory@164804: defining beans [profileController,defaultAuthority,org.springframework.context.annotation.internalConfigurationAnnotationProcessor,org.springframework.context.annotation.internalAutowiredAnnotationProcessor,org.springframework.context.annotation.internalRequiredAnnotationProcessor,org.springframework.context.annotation.internalCommonAnnotationProcessor,org.springframework.context.annotation.internalPersistenceAnnotationProcessor,org.springframework.beans.factory.config.PropertyPlaceholderConfigurer#0,org.springframework.context.config.internalBeanConfigurerAspect,org.springframework.beans.factory.annotation.AutowiredAnnotationBeanPostProcessor#0,org.springframework.context.annotation.CommonAnnotationBeanPostProcessor#0,org.springframework.orm.jpa.support.PersistenceAnnotationBeanPostProcessor#0,org.springframework.dao.annotation.PersistenceExceptionTranslationPostProcessor#0,dataSource,transactionManager,org.springframework.transaction.config.internalTransactionAspect,entityManagerFactory,adminAuthority,salesProfile,adminUser,validatorFactory,org.springframework.web.servlet.mvc.annotation.AnnotationMethodHandlerAdapter#0,validator]; root of factory hierarchy
INFO main org.hibernate.validator.engine.resolver.DefaultTraversableResolver - Instantiated an instance of org.hibernate.validator.engine.resolver.JPATraversableResolver.
INFO main org.hibernate.validator.engine.resolver.DefaultTraversableResolver - Instantiated an instance of org.hibernate.validator.engine.resolver.JPATraversableResolver.
INFO main org.springframework.test.context.transaction.TransactionalTestExecutionListener - Began transaction (1): transaction manager [org.springframework.orm.jpa.JpaTransactionManager@fd0a62]; rollback [true]
INFO main org.springframework.test.context.transaction.TransactionalTestExecutionListener - Rolled back transaction after test execution for test context [[TestContext@c84361 testClass = SalesProfilePersistenceTest, locations = array<String>['classpath:domain-test.xml'], testInstance = ph.com.pinoyspringers.salesasst.domain.SalesProfilePersistenceTest@1bfa303, testMethod = testDelete@SalesProfilePersistenceTest, testException = [null]]]
INFO main org.springframework.test.context.transaction.TransactionalTestExecutionListener - Began transaction (2): transaction manager [org.springframework.orm.jpa.JpaTransactionManager@fd0a62]; rollback [true]
INFO main org.springframework.test.context.transaction.TransactionalTestExecutionListener - Rolled back transaction after test execution for test context [[TestContext@c84361 testClass = SalesProfilePersistenceTest, locations = array<String>['classpath:domain-test.xml'], testInstance = ph.com.pinoyspringers.salesasst.domain.SalesProfilePersistenceTest@19b7c62, testMethod = testRetrieveAll@SalesProfilePersistenceTest, testException = [null]]]
INFO main org.springframework.test.context.transaction.TransactionalTestExecutionListener - Began transaction (3): transaction manager [org.springframework.orm.jpa.JpaTransactionManager@fd0a62]; rollback [true]
INFO main org.springframework.test.context.transaction.TransactionalTestExecutionListener - Rolled back transaction after test execution for test context [[TestContext@c84361 testClass = SalesProfilePersistenceTest, locations = array<String>['classpath:domain-test.xml'], testInstance = ph.com.pinoyspringers.salesasst.domain.SalesProfilePersistenceTest@1669521, testMethod = testRetrieveById@SalesProfilePersistenceTest, testException = [null]]]
INFO main org.springframework.test.context.transaction.TransactionalTestExecutionListener - Began transaction (4): transaction manager [org.springframework.orm.jpa.JpaTransactionManager@fd0a62]; rollback [true]
INFO main org.springframework.test.context.transaction.TransactionalTestExecutionListener - Rolled back transaction after test execution for test context [[TestContext@c84361 testClass = SalesProfilePersistenceTest, locations = array<String>['classpath:domain-test.xml'], testInstance = ph.com.pinoyspringers.salesasst.domain.SalesProfilePersistenceTest@16f4ce0, testMethod = testPersist@SalesProfilePersistenceTest, testException = [null]]]
INFO main org.springframework.test.context.transaction.TransactionalTestExecutionListener - Began transaction (5): transaction manager [org.springframework.orm.jpa.JpaTransactionManager@fd0a62]; rollback [true]
INFO main org.springframework.test.context.transaction.TransactionalTestExecutionListener - Rolled back transaction after test execution for test context [[TestContext@c84361 testClass = SalesProfilePersistenceTest, locations = array<String>['classpath:domain-test.xml'], testInstance = ph.com.pinoyspringers.salesasst.domain.SalesProfilePersistenceTest@17e4cec, testMethod = testMerge@SalesProfilePersistenceTest, testException = [null]]]
INFO Thread-0 org.springframework.context.support.GenericApplicationContext - Closing org.springframework.context.support.GenericApplicationContext@1815859: startup date [Sat May 29 17:25:12 CST 2010]; root of context hierarchy
INFO Thread-1 org.springframework.context.support.GenericApplicationContext - Closing org.springframework.context.support.GenericApplicationContext@1a1b2f: startup date [Sat May 29 17:25:24 CST 2010]; root of context hierarchy
INFO Thread-1 org.springframework.beans.factory.support.DefaultListableBeanFactory - Destroying singletons in org.springframework.beans.factory.support.DefaultListableBeanFactory@164804: defining beans [profileController,defaultAuthority,org.springframework.context.annotation.internalConfigurationAnnotationProcessor,org.springframework.context.annotation.internalAutowiredAnnotationProcessor,org.springframework.context.annotation.internalRequiredAnnotationProcessor,org.springframework.context.annotation.internalCommonAnnotationProcessor,org.springframework.context.annotation.internalPersistenceAnnotationProcessor,org.springframework.beans.factory.config.PropertyPlaceholderConfigurer#0,org.springframework.context.config.internalBeanConfigurerAspect,org.springframework.beans.factory.annotation.AutowiredAnnotationBeanPostProcessor#0,org.springframework.context.annotation.CommonAnnotationBeanPostProcessor#0,org.springframework.orm.jpa.support.PersistenceAnnotationBeanPostProcessor#0,org.springframework.dao.annotation.PersistenceExceptionTranslationPostProcessor#0,dataSource,transactionManager,org.springframework.transaction.config.internalTransactionAspect,entityManagerFactory,adminAuthority,salesProfile,adminUser,validatorFactory,org.springframework.web.servlet.mvc.annotation.AnnotationMethodHandlerAdapter#0,validator]; root of factory hierarchy
INFO Thread-0 org.springframework.beans.factory.support.DefaultListableBeanFactory - Destroying singletons in org.springframework.beans.factory.support.DefaultListableBeanFactory@15a6029: defining beans [profileController,org.springframework.context.annotation.internalConfigurationAnnotationProcessor,org.springframework.context.annotation.internalAutowiredAnnotationProcessor,org.springframework.context.annotation.internalRequiredAnnotationProcessor,org.springframework.context.annotation.internalCommonAnnotationProcessor,org.springframework.context.annotation.internalPersistenceAnnotationProcessor,defaultAuthority,org.springframework.beans.factory.config.PropertyPlaceholderConfigurer#0,org.springframework.context.config.internalBeanConfigurerAspect,org.springframework.beans.factory.annotation.AutowiredAnnotationBeanPostProcessor#0,org.springframework.context.annotation.CommonAnnotationBeanPostProcessor#0,org.springframework.orm.jpa.support.PersistenceAnnotationBeanPostProcessor#0,org.springframework.dao.annotation.PersistenceExceptionTranslationPostProcessor#0,dataSource,transactionManager,org.springframework.transaction.config.internalTransactionAspect,entityManagerFactory,adminAuthority,salesProfile,adminUser,validatorFactory,org.springframework.web.servlet.mvc.annotation.AnnotationMethodHandlerAdapter#0,validator]; root of factory hierarchy
INFO Thread-1 org.springframework.orm.jpa.LocalContainerEntityManagerFactoryBean - Closing JPA EntityManagerFactory for persistence unit 'persistenceUnit'
INFO Thread-1 org.hibernate.impl.SessionFactoryImpl - closing
INFO Thread-0 org.springframework.orm.jpa.LocalContainerEntityManagerFactoryBean - Closing JPA EntityManagerFactory for persistence unit 'persistenceUnit'
INFO Thread-0 org.hibernate.impl.SessionFactoryImpl - closing
